<?xml version="1.0" encoding="UTF-8"?>
<testsuite name="de.bertelsmann.client.rest.kasse20.tc501.J501_OnlineKassentransaktionVerarbeiten" tests="6" skipped="0" failures="0" errors="0" timestamp="2025-03-04T17:16:06" hostname="EISMANN" time="2.067">
  <properties/>
  <testcase name="testPurchaseInvalidRequestPromotion" classname="de.bertelsmann.client.rest.kasse20.tc501.J501_OnlineKassentransaktionVerarbeiten" time="1.432">
    <system-out><![CDATA[initializing... (initContext)class de.bertelsmann.client.rest.kasse20.tc501.J501_OnlineKassentransaktionVerarbeiten
initializing... (SetupOnce)class de.bertelsmann.client.rest.kasse20.tc501.J501_OnlineKassentransaktionVerarbeiten
initializing... (initContext)class de.bertelsmann.client.rest.kasse20.tc501.J501_OnlineKassentransaktionVerarbeiten
]]></system-out>
    <system-err><![CDATA[Mär 04, 2025 6:16:07 PM org.glassfish.jersey.test.inmemory.InMemoryTestContainerFactory$InMemoryTestContainer <init>
INFORMATION: Creating InMemoryTestContainer configured at the base URI http://localhost:9998/
CDI-Fehler... neue DependencyInjection nötig
]]></system-err>
  </testcase>
  <testcase name="testPurchaseError" classname="de.bertelsmann.client.rest.kasse20.tc501.J501_OnlineKassentransaktionVerarbeiten" time="0.039">
    <system-err><![CDATA[CDI-Fehler... neue DependencyInjection nötig
]]></system-err>
  </testcase>
  <testcase name="testPurchaseSuccess" classname="de.bertelsmann.client.rest.kasse20.tc501.J501_OnlineKassentransaktionVerarbeiten" time="0.029"/>
  <testcase name="testInvalidToken" classname="de.bertelsmann.client.rest.kasse20.tc501.J501_OnlineKassentransaktionVerarbeiten" time="0.027">
    <system-out><![CDATA[ERROR #1741108568131
ERROR #1741108568132
ERROR #1741108568133
ERROR #1741108568133
]]></system-out>
  </testcase>
  <testcase name="testPurchaseInvalidRequest" classname="de.bertelsmann.client.rest.kasse20.tc501.J501_OnlineKassentransaktionVerarbeiten" time="0.365"/>
  <testcase name="testPurchaseInvalidRequestArticle" classname="de.bertelsmann.client.rest.kasse20.tc501.J501_OnlineKassentransaktionVerarbeiten" time="0.175"/>
  <system-out><![CDATA[]]></system-out>
  <system-err><![CDATA[]]></system-err>
</testsuite>
