<?xml version="1.0" encoding="UTF-8"?>
<testsuite name="de.bertelsmann.client.rest.kasse20.tc502.J502_TestRedeemPointsInvalidrequest" tests="1" skipped="0" failures="0" errors="0" timestamp="2025-03-05T11:44:25" hostname="EISMANN" time="1.928">
  <properties/>
  <testcase name="testRedeemPointsInvalidrequest" classname="de.bertelsmann.client.rest.kasse20.tc502.J502_TestRedeemPointsInvalidrequest" time="1.928">
    <system-out><![CDATA[initializing... (initContext)class de.bertelsmann.client.rest.kasse20.tc502.J502_TestRedeemPointsInvalidrequest
ERROR StatusConsoleListener An exception occurred processing Appender DMDCommonLogfile
 org.jboss.weld.exceptions.IllegalStateException: WELD-000229: Contextual reference of Managed Bean [class de.bertelsmann.container.enrolment.internal.BLUCard] with qualifiers [@Any @Default] is not valid after container e11a671c-399f-4e10-9b94-8eaed7af37c7 shutdown
	at org.jboss.weld.bean.proxy.ContextBeanInstance.getInstance(ContextBeanInstance.java:85)
	at org.jboss.weld.bean.proxy.ProxyMethodHandler.getInstance(ProxyMethodHandler.java:125)
	at de.bertelsmann.container.enrolment.internal.BLUCard$Proxy$_$$_WeldClientProxy.toString(Unknown Source)
	at java.text.MessageFormat.subformat(MessageFormat.java:1280)
	at java.text.MessageFormat.format(MessageFormat.java:865)
	at java.text.Format.format(Format.java:157)
	at org.apache.logging.log4j.message.MessageFormatMessage.formatMessage(MessageFormatMessage.java:115)
	at org.apache.logging.log4j.message.MessageFormatMessage.getFormattedMessage(MessageFormatMessage.java:86)
	at org.apache.logging.log4j.core.pattern.MessagePatternConverter$SimpleMessagePatternConverter.format(MessagePatternConverter.java:122)
	at org.apache.logging.log4j.core.pattern.PatternFormatter.format(PatternFormatter.java:44)
	at org.apache.logging.log4j.core.layout.PatternLayout$PatternFormatterPatternSerializer.toSerializable(PatternLayout.java:397)
	at org.apache.logging.log4j.core.layout.PatternLayout.toText(PatternLayout.java:252)
	at org.apache.logging.log4j.core.layout.PatternLayout.encode(PatternLayout.java:238)
	at org.apache.logging.log4j.core.layout.PatternLayout.encode(PatternLayout.java:58)
	at org.apache.logging.log4j.core.appender.AbstractOutputStreamAppender.directEncodeEvent(AbstractOutputStreamAppender.java:227)
	at org.apache.logging.log4j.core.appender.AbstractOutputStreamAppender.tryAppend(AbstractOutputStreamAppender.java:220)
	at org.apache.logging.log4j.core.appender.AbstractOutputStreamAppender.append(AbstractOutputStreamAppender.java:211)
	at org.apache.logging.log4j.core.appender.RollingFileAppender.append(RollingFileAppender.java:337)
	at org.apache.logging.log4j.core.config.AppenderControl.tryCallAppender(AppenderControl.java:160)
	at org.apache.logging.log4j.core.config.AppenderControl.callAppender0(AppenderControl.java:133)
	at org.apache.logging.log4j.core.config.AppenderControl.callAppenderPreventRecursion(AppenderControl.java:124)
	at org.apache.logging.log4j.core.config.AppenderControl.callAppender(AppenderControl.java:88)
	at org.apache.logging.log4j.core.config.LoggerConfig.callAppenders(LoggerConfig.java:705)
	at org.apache.logging.log4j.core.config.LoggerConfig.processLogEvent(LoggerConfig.java:663)
	at org.apache.logging.log4j.core.config.LoggerConfig.log(LoggerConfig.java:639)
	at org.apache.logging.log4j.core.config.LoggerConfig.log(LoggerConfig.java:540)
	at org.apache.logging.log4j.core.config.AwaitCompletionReliabilityStrategy.log(AwaitCompletionReliabilityStrategy.java:67)
	at org.apache.logging.log4j.core.Logger.logMessage(Logger.java:155)
	at org.jboss.logging.Log4j2Logger.doLog(Log4j2Logger.java:54)
	at org.jboss.logging.Logger.logv(Logger.java:2256)
	at org.jboss.weld.logging.BeanLogger_$logger.errorDestroying(BeanLogger_$logger.java:135)
	at org.jboss.weld.bean.ManagedBean.destroy(ManagedBean.java:200)
	at olscdi.OLSBeanReference.close(OLSBeanReference.java:52)
	at olscdi.OLSBeanReference.finalize(OLSBeanReference.java:69)
	at java.lang.System$2.invokeFinalize(System.java:1285)
	at java.lang.ref.Finalizer.runFinalizer(Finalizer.java:102)
	at java.lang.ref.Finalizer.access$100(Finalizer.java:34)
	at java.lang.ref.Finalizer$FinalizerThread.run(Finalizer.java:189)
initializing... (SetupOnce)class de.bertelsmann.client.rest.kasse20.tc502.J502_TestRedeemPointsInvalidrequest
initializing... (initContext)class de.bertelsmann.client.rest.kasse20.tc502.J502_TestRedeemPointsInvalidrequest
]]></system-out>
    <system-err><![CDATA[CDI-Fehler... neue DependencyInjection nötig
Mär 05, 2025 12:44:27 PM org.glassfish.jersey.test.inmemory.InMemoryTestContainerFactory$InMemoryTestContainer <init>
INFORMATION: Creating InMemoryTestContainer configured at the base URI http://localhost:9998/
]]></system-err>
  </testcase>
  <system-out><![CDATA[]]></system-out>
  <system-err><![CDATA[]]></system-err>
</testsuite>
