<?xml version="1.0" encoding="UTF-8"?>
<testsuite name="de.bertelsmann.client.rest.kasse20.tc500.J500_PartnerLoginCacheTest" tests="4" skipped="0" failures="0" errors="0" timestamp="2025-03-05T11:44:12" hostname="EISMANN" time="1.783">
  <properties/>
  <testcase name="testPartnerFilialeErfolgreich" classname="de.bertelsmann.client.rest.kasse20.tc500.J500_PartnerLoginCacheTest" time="1.274">
    <system-out><![CDATA[initializing... (initContext)class de.bertelsmann.client.rest.kasse20.tc500.J500_PartnerLoginCacheTest
initializing... (SetupOnce)class de.bertelsmann.client.rest.kasse20.tc500.J500_PartnerLoginCacheTest
initializing... (initContext)class de.bertelsmann.client.rest.kasse20.tc500.J500_PartnerLoginCacheTest
]]></system-out>
  </testcase>
  <testcase name="testPartnerFehlerhaft" classname="de.bertelsmann.client.rest.kasse20.tc500.J500_PartnerLoginCacheTest" time="0.235"/>
  <testcase name="testPartnerErfolgreich" classname="de.bertelsmann.client.rest.kasse20.tc500.J500_PartnerLoginCacheTest" time="0.034"/>
  <testcase name="testPartnerFilialeFehlerhaft" classname="de.bertelsmann.client.rest.kasse20.tc500.J500_PartnerLoginCacheTest" time="0.239"/>
  <system-out><![CDATA[]]></system-out>
  <system-err><![CDATA[]]></system-err>
</testsuite>
