<?xml version="1.0" encoding="UTF-8"?>
<testsuite name="de.bertelsmann.client.rest.kasse20.tc500.J500_PartnerLoginCacheTest" tests="4" skipped="0" failures="0" errors="0" timestamp="2025-03-04T17:16:01" hostname="EISMANN" time="1.875">
  <properties/>
  <testcase name="testPartnerFilialeErfolgreich" classname="de.bertelsmann.client.rest.kasse20.tc500.J500_PartnerLoginCacheTest" time="1.368">
    <system-out><![CDATA[initializing... (initContext)class de.bertelsmann.client.rest.kasse20.tc500.J500_PartnerLoginCacheTest
initializing... (SetupOnce)class de.bertelsmann.client.rest.kasse20.tc500.J500_PartnerLoginCacheTest
initializing... (initContext)class de.bertelsmann.client.rest.kasse20.tc500.J500_PartnerLoginCacheTest
]]></system-out>
  </testcase>
  <testcase name="testPartnerFehlerhaft" classname="de.bertelsmann.client.rest.kasse20.tc500.J500_PartnerLoginCacheTest" time="0.234"/>
  <testcase name="testPartnerErfolgreich" classname="de.bertelsmann.client.rest.kasse20.tc500.J500_PartnerLoginCacheTest" time="0.037"/>
  <testcase name="testPartnerFilialeFehlerhaft" classname="de.bertelsmann.client.rest.kasse20.tc500.J500_PartnerLoginCacheTest" time="0.236"/>
  <system-out><![CDATA[]]></system-out>
  <system-err><![CDATA[]]></system-err>
</testsuite>
