<?xml version="1.0" encoding="UTF-8"?>
<testsuite name="de.bertelsmann.client.rest.kasse20.tc506.J506_OnlineKaufRueckabwicklungResubmitVerarbeiten" tests="3" skipped="0" failures="0" errors="0" timestamp="2025-03-05T11:45:11" hostname="EISMANN" time="1.302">
  <properties/>
  <testcase name="testAufrufMitDublettenpruefung_DubletteVorhanden" classname="de.bertelsmann.client.rest.kasse20.tc506.J506_OnlineKaufRueckabwicklungResubmitVerarbeiten" time="1.223">
    <system-out><![CDATA[initializing... (initContext)class de.bertelsmann.client.rest.kasse20.tc506.J506_OnlineKaufRueckabwicklungResubmitVerarbeiten
initializing... (SetupOnce)class de.bertelsmann.client.rest.kasse20.tc506.J506_OnlineKaufRueckabwicklungResubmitVerarbeiten
initializing... (initContext)class de.bertelsmann.client.rest.kasse20.tc506.J506_OnlineKaufRueckabwicklungResubmitVerarbeiten
]]></system-out>
    <system-err><![CDATA[MÃ¤r 05, 2025 12:45:12 PM org.glassfish.jersey.test.inmemory.InMemoryTestContainerFactory$InMemoryTestContainer <init>
INFORMATION: Creating InMemoryTestContainer configured at the base URI http://localhost:9998/
]]></system-err>
  </testcase>
  <testcase name="testAufrufMitDublettenpruefung_keineDubletteVorhanden" classname="de.bertelsmann.client.rest.kasse20.tc506.J506_OnlineKaufRueckabwicklungResubmitVerarbeiten" time="0.03"/>
  <testcase name="testAufrufMitDublettenpruefung_UneindeutigeAntworten" classname="de.bertelsmann.client.rest.kasse20.tc506.J506_OnlineKaufRueckabwicklungResubmitVerarbeiten" time="0.049"/>
  <system-out><![CDATA[]]></system-out>
  <system-err><![CDATA[]]></system-err>
</testsuite>
